f:\user files\documents\dreamcast\rizzo island\source code\rizzo_pc_executable\rizzo_island\release-rizzo_island-win32\vc141.pdb
f:\user files\documents\dreamcast\rizzo island\source code\rizzo_pc_executable\rizzo_island\release-rizzo_island-win32\crypto.obj
f:\user files\documents\dreamcast\rizzo island\source code\rizzo_pc_executable\rizzo_island\release-rizzo_island-win32\builddate.obj
f:\user files\documents\dreamcast\rizzo island\source code\rizzo_pc_executable\rizzo_island\release-rizzo_island-win32\cd_shared.obj
f:\user files\documents\dreamcast\rizzo island\source code\rizzo_pc_executable\rizzo_island\release-rizzo_island-win32\cl_dyntexture.obj
f:\user files\documents\dreamcast\rizzo island\source code\rizzo_pc_executable\rizzo_island\release-rizzo_island-win32\cl_particles.obj
f:\user files\documents\dreamcast\rizzo island\source code\rizzo_pc_executable\rizzo_island\release-rizzo_island-win32\cmd.obj
f:\user files\documents\dreamcast\rizzo island\source code\rizzo_pc_executable\rizzo_island\release-rizzo_island-win32\csprogs.obj
f:\user files\documents\dreamcast\rizzo island\source code\rizzo_pc_executable\rizzo_island\release-rizzo_island-win32\dpvsimpledecode.obj
f:\user files\documents\dreamcast\rizzo island\source code\rizzo_pc_executable\rizzo_island\release-rizzo_island-win32\ft2.obj
f:\user files\documents\dreamcast\rizzo island\source code\rizzo_pc_executable\rizzo_island\release-rizzo_island-win32\gl_rmain.obj
f:\user files\documents\dreamcast\rizzo island\source code\rizzo_pc_executable\rizzo_island\release-rizzo_island-win32\host.obj
f:\user files\documents\dreamcast\rizzo island\source code\rizzo_pc_executable\rizzo_island\release-rizzo_island-win32\jpeg.obj
f:\user files\documents\dreamcast\rizzo island\source code\rizzo_pc_executable\rizzo_island\release-rizzo_island-win32\mathlib.obj
f:\user files\documents\dreamcast\rizzo island\source code\rizzo_pc_executable\rizzo_island\release-rizzo_island-win32\menu.obj
f:\user files\documents\dreamcast\rizzo island\source code\rizzo_pc_executable\rizzo_island\release-rizzo_island-win32\model_shared.obj
f:\user files\documents\dreamcast\rizzo island\source code\rizzo_pc_executable\rizzo_island\release-rizzo_island-win32\palette.obj
f:\user files\documents\dreamcast\rizzo island\source code\rizzo_pc_executable\rizzo_island\release-rizzo_island-win32\prvm_edict.obj
f:\user files\documents\dreamcast\rizzo island\source code\rizzo_pc_executable\rizzo_island\release-rizzo_island-win32\r_modules.obj
f:\user files\documents\dreamcast\rizzo island\source code\rizzo_pc_executable\rizzo_island\release-rizzo_island-win32\sbar.obj
f:\user files\documents\dreamcast\rizzo island\source code\rizzo_pc_executable\rizzo_island\release-rizzo_island-win32\snd_sdl.obj
f:\user files\documents\dreamcast\rizzo island\source code\rizzo_pc_executable\rizzo_island\release-rizzo_island-win32\sv_user.obj
f:\user files\documents\dreamcast\rizzo island\source code\rizzo_pc_executable\rizzo_island\release-rizzo_island-win32\thread_sdl.obj
f:\user files\documents\dreamcast\rizzo island\source code\rizzo_pc_executable\rizzo_island\release-rizzo_island-win32\wad.obj
f:\user files\documents\dreamcast\rizzo island\source code\rizzo_pc_executable\rizzo_island\release-rizzo_island-win32\bih.obj
f:\user files\documents\dreamcast\rizzo island\source code\rizzo_pc_executable\rizzo_island\release-rizzo_island-win32\cd_sdl.obj
f:\user files\documents\dreamcast\rizzo island\source code\rizzo_pc_executable\rizzo_island\release-rizzo_island-win32\cl_input.obj
f:\user files\documents\dreamcast\rizzo island\source code\rizzo_pc_executable\rizzo_island\release-rizzo_island-win32\cl_screen.obj
f:\user files\documents\dreamcast\rizzo island\source code\rizzo_pc_executable\rizzo_island\release-rizzo_island-win32\collision.obj
f:\user files\documents\dreamcast\rizzo island\source code\rizzo_pc_executable\rizzo_island\release-rizzo_island-win32\curves.obj
f:\user files\documents\dreamcast\rizzo island\source code\rizzo_pc_executable\rizzo_island\release-rizzo_island-win32\filematch.obj
f:\user files\documents\dreamcast\rizzo island\source code\rizzo_pc_executable\rizzo_island\release-rizzo_island-win32\gl_backend.obj
f:\user files\documents\dreamcast\rizzo island\source code\rizzo_pc_executable\rizzo_island\release-rizzo_island-win32\gl_rsurf.obj
f:\user files\documents\dreamcast\rizzo island\source code\rizzo_pc_executable\rizzo_island\release-rizzo_island-win32\host_cmd.obj
f:\user files\documents\dreamcast\rizzo island\source code\rizzo_pc_executable\rizzo_island\release-rizzo_island-win32\keys.obj
f:\user files\documents\dreamcast\rizzo island\source code\rizzo_pc_executable\rizzo_island\release-rizzo_island-win32\matrixlib.obj
f:\user files\documents\dreamcast\rizzo island\source code\rizzo_pc_executable\rizzo_island\release-rizzo_island-win32\mod_skeletal_animatevertices_generic.obj
f:\user files\documents\dreamcast\rizzo island\source code\rizzo_pc_executable\rizzo_island\release-rizzo_island-win32\model_alias.obj
f:\user files\documents\dreamcast\rizzo island\source code\rizzo_pc_executable\rizzo_island\release-rizzo_island-win32\mvm_cmds.obj
f:\user files\documents\dreamcast\rizzo island\source code\rizzo_pc_executable\rizzo_island\release-rizzo_island-win32\protocol.obj
f:\user files\documents\dreamcast\rizzo island\source code\rizzo_pc_executable\rizzo_island\release-rizzo_island-win32\r_explosion.obj
f:\user files\documents\dreamcast\rizzo island\source code\rizzo_pc_executable\rizzo_island\release-rizzo_island-win32\r_sky.obj
f:\user files\documents\dreamcast\rizzo island\source code\rizzo_pc_executable\rizzo_island\release-rizzo_island-win32\snd_main.obj
f:\user files\documents\dreamcast\rizzo island\source code\rizzo_pc_executable\rizzo_island\release-rizzo_island-win32\snd_ogg.obj
f:\user files\documents\dreamcast\rizzo island\source code\rizzo_pc_executable\rizzo_island\release-rizzo_island-win32\sv_move.obj
f:\user files\documents\dreamcast\rizzo island\source code\rizzo_pc_executable\rizzo_island\release-rizzo_island-win32\svvm_cmds.obj
f:\user files\documents\dreamcast\rizzo island\source code\rizzo_pc_executable\rizzo_island\release-rizzo_island-win32\utf8lib.obj
f:\user files\documents\dreamcast\rizzo island\source code\rizzo_pc_executable\rizzo_island\release-rizzo_island-win32\view.obj
f:\user files\documents\dreamcast\rizzo island\source code\rizzo_pc_executable\rizzo_island\release-rizzo_island-win32\zone.obj
f:\user files\documents\dreamcast\rizzo island\source code\rizzo_pc_executable\rizzo_island\release-rizzo_island-win32\cap_avi.obj
f:\user files\documents\dreamcast\rizzo island\source code\rizzo_pc_executable\rizzo_island\release-rizzo_island-win32\cl_demo.obj
f:\user files\documents\dreamcast\rizzo island\source code\rizzo_pc_executable\rizzo_island\release-rizzo_island-win32\cl_main.obj
f:\user files\documents\dreamcast\rizzo island\source code\rizzo_pc_executable\rizzo_island\release-rizzo_island-win32\cl_video.obj
f:\user files\documents\dreamcast\rizzo island\source code\rizzo_pc_executable\rizzo_island\release-rizzo_island-win32\common.obj
f:\user files\documents\dreamcast\rizzo island\source code\rizzo_pc_executable\rizzo_island\release-rizzo_island-win32\cvar.obj
f:\user files\documents\dreamcast\rizzo island\source code\rizzo_pc_executable\rizzo_island\release-rizzo_island-win32\fractalnoise.obj
f:\user files\documents\dreamcast\rizzo island\source code\rizzo_pc_executable\rizzo_island\release-rizzo_island-win32\gl_draw.obj
f:\user files\documents\dreamcast\rizzo island\source code\rizzo_pc_executable\rizzo_island\release-rizzo_island-win32\hmac.obj
f:\user files\documents\dreamcast\rizzo island\source code\rizzo_pc_executable\rizzo_island\release-rizzo_island-win32\image_png.obj
f:\user files\documents\dreamcast\rizzo island\source code\rizzo_pc_executable\rizzo_island\release-rizzo_island-win32\libcurl.obj
f:\user files\documents\dreamcast\rizzo island\source code\rizzo_pc_executable\rizzo_island\release-rizzo_island-win32\meshqueue.obj
f:\user files\documents\dreamcast\rizzo island\source code\rizzo_pc_executable\rizzo_island\release-rizzo_island-win32\model_brush.obj
f:\user files\documents\dreamcast\rizzo island\source code\rizzo_pc_executable\rizzo_island\release-rizzo_island-win32\netconn.obj
f:\user files\documents\dreamcast\rizzo island\source code\rizzo_pc_executable\rizzo_island\release-rizzo_island-win32\prvm_cmds.obj
f:\user files\documents\dreamcast\rizzo island\source code\rizzo_pc_executable\rizzo_island\release-rizzo_island-win32\r_lightning.obj
f:\user files\documents\dreamcast\rizzo island\source code\rizzo_pc_executable\rizzo_island\release-rizzo_island-win32\r_sprites.obj
f:\user files\documents\dreamcast\rizzo island\source code\rizzo_pc_executable\rizzo_island\release-rizzo_island-win32\snd_mix.obj
f:\user files\documents\dreamcast\rizzo island\source code\rizzo_pc_executable\rizzo_island\release-rizzo_island-win32\sv_demo.obj
f:\user files\documents\dreamcast\rizzo island\source code\rizzo_pc_executable\rizzo_island\release-rizzo_island-win32\sv_main.obj
f:\user files\documents\dreamcast\rizzo island\source code\rizzo_pc_executable\rizzo_island\release-rizzo_island-win32\svbsp.obj
f:\user files\documents\dreamcast\rizzo island\source code\rizzo_pc_executable\rizzo_island\release-rizzo_island-win32\sys_sdl.obj
f:\user files\documents\dreamcast\rizzo island\source code\rizzo_pc_executable\rizzo_island\release-rizzo_island-win32\vid_shared.obj
f:\user files\documents\dreamcast\rizzo island\source code\rizzo_pc_executable\rizzo_island\release-rizzo_island-win32\cap_ogg.obj
f:\user files\documents\dreamcast\rizzo island\source code\rizzo_pc_executable\rizzo_island\release-rizzo_island-win32\cl_collision.obj
f:\user files\documents\dreamcast\rizzo island\source code\rizzo_pc_executable\rizzo_island\release-rizzo_island-win32\cl_parse.obj
f:\user files\documents\dreamcast\rizzo island\source code\rizzo_pc_executable\rizzo_island\release-rizzo_island-win32\clvm_cmds.obj
f:\user files\documents\dreamcast\rizzo island\source code\rizzo_pc_executable\rizzo_island\release-rizzo_island-win32\console.obj
f:\user files\documents\dreamcast\rizzo island\source code\rizzo_pc_executable\rizzo_island\release-rizzo_island-win32\dpsoftrast.obj
f:\user files\documents\dreamcast\rizzo island\source code\rizzo_pc_executable\rizzo_island\release-rizzo_island-win32\fs.obj
f:\user files\documents\dreamcast\rizzo island\source code\rizzo_pc_executable\rizzo_island\release-rizzo_island-win32\gl_textures.obj
f:\user files\documents\dreamcast\rizzo island\source code\rizzo_pc_executable\rizzo_island\release-rizzo_island-win32\image.obj
f:\user files\documents\dreamcast\rizzo island\source code\rizzo_pc_executable\rizzo_island\release-rizzo_island-win32\lhnet.obj
f:\user files\documents\dreamcast\rizzo island\source code\rizzo_pc_executable\rizzo_island\release-rizzo_island-win32\mdfour.obj
f:\user files\documents\dreamcast\rizzo island\source code\rizzo_pc_executable\rizzo_island\release-rizzo_island-win32\mod_skeletal_animatevertices_sse.obj
f:\user files\documents\dreamcast\rizzo island\source code\rizzo_pc_executable\rizzo_island\release-rizzo_island-win32\model_sprite.obj
f:\user files\documents\dreamcast\rizzo island\source code\rizzo_pc_executable\rizzo_island\release-rizzo_island-win32\polygon.obj
f:\user files\documents\dreamcast\rizzo island\source code\rizzo_pc_executable\rizzo_island\release-rizzo_island-win32\portals.obj
f:\user files\documents\dreamcast\rizzo island\source code\rizzo_pc_executable\rizzo_island\release-rizzo_island-win32\prvm_exec.obj
f:\user files\documents\dreamcast\rizzo island\source code\rizzo_pc_executable\rizzo_island\release-rizzo_island-win32\r_shadow.obj
f:\user files\documents\dreamcast\rizzo island\source code\rizzo_pc_executable\rizzo_island\release-rizzo_island-win32\snd_mem.obj
f:\user files\documents\dreamcast\rizzo island\source code\rizzo_pc_executable\rizzo_island\release-rizzo_island-win32\snd_wav.obj
f:\user files\documents\dreamcast\rizzo island\source code\rizzo_pc_executable\rizzo_island\release-rizzo_island-win32\sv_phys.obj
f:\user files\documents\dreamcast\rizzo island\source code\rizzo_pc_executable\rizzo_island\release-rizzo_island-win32\sys_shared.obj
f:\user files\documents\dreamcast\rizzo island\source code\rizzo_pc_executable\rizzo_island\release-rizzo_island-win32\vid_sdl.obj
f:\user files\documents\dreamcast\rizzo island\source code\rizzo_pc_executable\rizzo_island\release-rizzo_island-win32\world.obj
f:\user files\documents\dreamcast\rizzo island\source code\glrizzo\rizzo_island-pc\release-rizzo_island-win32\bih.obj
f:\user files\documents\dreamcast\rizzo island\source code\glrizzo\rizzo_island-pc\release-rizzo_island-win32\cd_sdl.obj
f:\user files\documents\dreamcast\rizzo island\source code\glrizzo\rizzo_island-pc\release-rizzo_island-win32\cl_input.obj
f:\user files\documents\dreamcast\rizzo island\source code\glrizzo\rizzo_island-pc\release-rizzo_island-win32\cl_particles.obj
f:\user files\documents\dreamcast\rizzo island\source code\glrizzo\rizzo_island-pc\release-rizzo_island-win32\clvm_cmds.obj
f:\user files\documents\dreamcast\rizzo island\source code\glrizzo\rizzo_island-pc\release-rizzo_island-win32\console.obj
f:\user files\documents\dreamcast\rizzo island\source code\glrizzo\rizzo_island-pc\release-rizzo_island-win32\dpsoftrast.obj
f:\user files\documents\dreamcast\rizzo island\source code\glrizzo\rizzo_island-pc\release-rizzo_island-win32\ft2.obj
f:\user files\documents\dreamcast\rizzo island\source code\glrizzo\rizzo_island-pc\release-rizzo_island-win32\gl_rmain.obj
f:\user files\documents\dreamcast\rizzo island\source code\glrizzo\rizzo_island-pc\release-rizzo_island-win32\image.obj
f:\user files\documents\dreamcast\rizzo island\source code\glrizzo\rizzo_island-pc\release-rizzo_island-win32\keys.obj
f:\user files\documents\dreamcast\rizzo island\source code\glrizzo\rizzo_island-pc\release-rizzo_island-win32\matrixlib.obj
f:\user files\documents\dreamcast\rizzo island\source code\glrizzo\rizzo_island-pc\release-rizzo_island-win32\mod_skeletal_animatevertices_generic.obj
f:\user files\documents\dreamcast\rizzo island\source code\glrizzo\rizzo_island-pc\release-rizzo_island-win32\model_shared.obj
f:\user files\documents\dreamcast\rizzo island\source code\glrizzo\rizzo_island-pc\release-rizzo_island-win32\palette.obj
f:\user files\documents\dreamcast\rizzo island\source code\glrizzo\rizzo_island-pc\release-rizzo_island-win32\portals.obj
f:\user files\documents\dreamcast\rizzo island\source code\glrizzo\rizzo_island-pc\release-rizzo_island-win32\prvm_exec.obj
f:\user files\documents\dreamcast\rizzo island\source code\glrizzo\rizzo_island-pc\release-rizzo_island-win32\r_sprites.obj
f:\user files\documents\dreamcast\rizzo island\source code\glrizzo\rizzo_island-pc\release-rizzo_island-win32\snd_mix.obj
f:\user files\documents\dreamcast\rizzo island\source code\glrizzo\rizzo_island-pc\release-rizzo_island-win32\sv_demo.obj
f:\user files\documents\dreamcast\rizzo island\source code\glrizzo\rizzo_island-pc\release-rizzo_island-win32\sv_user.obj
f:\user files\documents\dreamcast\rizzo island\source code\glrizzo\rizzo_island-pc\release-rizzo_island-win32\thread_sdl.obj
f:\user files\documents\dreamcast\rizzo island\source code\glrizzo\rizzo_island-pc\release-rizzo_island-win32\vid_shared.obj
f:\user files\documents\dreamcast\rizzo island\source code\glrizzo\rizzo_island-pc\release-rizzo_island-win32\zone.obj
f:\user files\documents\dreamcast\rizzo island\source code\glrizzo\rizzo_island-pc\release-rizzo_island-win32\builddate.obj
f:\user files\documents\dreamcast\rizzo island\source code\glrizzo\rizzo_island-pc\release-rizzo_island-win32\cd_shared.obj
f:\user files\documents\dreamcast\rizzo island\source code\glrizzo\rizzo_island-pc\release-rizzo_island-win32\cl_dyntexture.obj
f:\user files\documents\dreamcast\rizzo island\source code\glrizzo\rizzo_island-pc\release-rizzo_island-win32\cl_screen.obj
f:\user files\documents\dreamcast\rizzo island\source code\glrizzo\rizzo_island-pc\release-rizzo_island-win32\collision.obj
f:\user files\documents\dreamcast\rizzo island\source code\glrizzo\rizzo_island-pc\release-rizzo_island-win32\curves.obj
f:\user files\documents\dreamcast\rizzo island\source code\glrizzo\rizzo_island-pc\release-rizzo_island-win32\filematch.obj
f:\user files\documents\dreamcast\rizzo island\source code\glrizzo\rizzo_island-pc\release-rizzo_island-win32\gl_backend.obj
f:\user files\documents\dreamcast\rizzo island\source code\glrizzo\rizzo_island-pc\release-rizzo_island-win32\gl_rsurf.obj
f:\user files\documents\dreamcast\rizzo island\source code\glrizzo\rizzo_island-pc\release-rizzo_island-win32\host.obj
f:\user files\documents\dreamcast\rizzo island\source code\glrizzo\rizzo_island-pc\release-rizzo_island-win32\jpeg.obj
f:\user files\documents\dreamcast\rizzo island\source code\glrizzo\rizzo_island-pc\release-rizzo_island-win32\mathlib.obj
f:\user files\documents\dreamcast\rizzo island\source code\glrizzo\rizzo_island-pc\release-rizzo_island-win32\mod_skeletal_animatevertices_sse.obj
f:\user files\documents\dreamcast\rizzo island\source code\glrizzo\rizzo_island-pc\release-rizzo_island-win32\model_sprite.obj
f:\user files\documents\dreamcast\rizzo island\source code\glrizzo\rizzo_island-pc\release-rizzo_island-win32\protocol.obj
f:\user files\documents\dreamcast\rizzo island\source code\glrizzo\rizzo_island-pc\release-rizzo_island-win32\r_explosion.obj
f:\user files\documents\dreamcast\rizzo island\source code\glrizzo\rizzo_island-pc\release-rizzo_island-win32\r_modules.obj
f:\user files\documents\dreamcast\rizzo island\source code\glrizzo\rizzo_island-pc\release-rizzo_island-win32\snd_mem.obj
f:\user files\documents\dreamcast\rizzo island\source code\glrizzo\rizzo_island-pc\release-rizzo_island-win32\snd_wav.obj
f:\user files\documents\dreamcast\rizzo island\source code\glrizzo\rizzo_island-pc\release-rizzo_island-win32\sv_phys.obj
f:\user files\documents\dreamcast\rizzo island\source code\glrizzo\rizzo_island-pc\release-rizzo_island-win32\sys_shared.obj
f:\user files\documents\dreamcast\rizzo island\source code\glrizzo\rizzo_island-pc\release-rizzo_island-win32\vid_sdl.obj
f:\user files\documents\dreamcast\rizzo island\source code\glrizzo\rizzo_island-pc\release-rizzo_island-win32\world.obj
f:\user files\documents\dreamcast\rizzo island\source code\glrizzo\rizzo_island-pc\release-rizzo_island-win32\cap_ogg.obj
f:\user files\documents\dreamcast\rizzo island\source code\glrizzo\rizzo_island-pc\release-rizzo_island-win32\cl_demo.obj
f:\user files\documents\dreamcast\rizzo island\source code\glrizzo\rizzo_island-pc\release-rizzo_island-win32\cl_main.obj
f:\user files\documents\dreamcast\rizzo island\source code\glrizzo\rizzo_island-pc\release-rizzo_island-win32\cl_video.obj
f:\user files\documents\dreamcast\rizzo island\source code\glrizzo\rizzo_island-pc\release-rizzo_island-win32\common.obj
f:\user files\documents\dreamcast\rizzo island\source code\glrizzo\rizzo_island-pc\release-rizzo_island-win32\cvar.obj
f:\user files\documents\dreamcast\rizzo island\source code\glrizzo\rizzo_island-pc\release-rizzo_island-win32\fractalnoise.obj
f:\user files\documents\dreamcast\rizzo island\source code\glrizzo\rizzo_island-pc\release-rizzo_island-win32\gl_draw.obj
f:\user files\documents\dreamcast\rizzo island\source code\glrizzo\rizzo_island-pc\release-rizzo_island-win32\hmac.obj
f:\user files\documents\dreamcast\rizzo island\source code\glrizzo\rizzo_island-pc\release-rizzo_island-win32\image_png.obj
f:\user files\documents\dreamcast\rizzo island\source code\glrizzo\rizzo_island-pc\release-rizzo_island-win32\libcurl.obj
f:\user files\documents\dreamcast\rizzo island\source code\glrizzo\rizzo_island-pc\release-rizzo_island-win32\menu.obj
f:\user files\documents\dreamcast\rizzo island\source code\glrizzo\rizzo_island-pc\release-rizzo_island-win32\model_alias.obj
f:\user files\documents\dreamcast\rizzo island\source code\glrizzo\rizzo_island-pc\release-rizzo_island-win32\mvm_cmds.obj
f:\user files\documents\dreamcast\rizzo island\source code\glrizzo\rizzo_island-pc\release-rizzo_island-win32\polygon.obj
f:\user files\documents\dreamcast\rizzo island\source code\glrizzo\rizzo_island-pc\release-rizzo_island-win32\prvm_cmds.obj
f:\user files\documents\dreamcast\rizzo island\source code\glrizzo\rizzo_island-pc\release-rizzo_island-win32\r_lightning.obj
f:\user files\documents\dreamcast\rizzo island\source code\glrizzo\rizzo_island-pc\release-rizzo_island-win32\r_sky.obj
f:\user files\documents\dreamcast\rizzo island\source code\glrizzo\rizzo_island-pc\release-rizzo_island-win32\sbar.obj
f:\user files\documents\dreamcast\rizzo island\source code\glrizzo\rizzo_island-pc\release-rizzo_island-win32\snd_ogg.obj
f:\user files\documents\dreamcast\rizzo island\source code\glrizzo\rizzo_island-pc\release-rizzo_island-win32\sv_main.obj
f:\user files\documents\dreamcast\rizzo island\source code\glrizzo\rizzo_island-pc\release-rizzo_island-win32\svvm_cmds.obj
f:\user files\documents\dreamcast\rizzo island\source code\glrizzo\rizzo_island-pc\release-rizzo_island-win32\utf8lib.obj
f:\user files\documents\dreamcast\rizzo island\source code\glrizzo\rizzo_island-pc\release-rizzo_island-win32\view.obj
f:\user files\documents\dreamcast\rizzo island\source code\glrizzo\rizzo_island-pc\release-rizzo_island-win32\cap_avi.obj
f:\user files\documents\dreamcast\rizzo island\source code\glrizzo\rizzo_island-pc\release-rizzo_island-win32\cl_collision.obj
f:\user files\documents\dreamcast\rizzo island\source code\glrizzo\rizzo_island-pc\release-rizzo_island-win32\cl_parse.obj
f:\user files\documents\dreamcast\rizzo island\source code\glrizzo\rizzo_island-pc\release-rizzo_island-win32\cmd.obj
f:\user files\documents\dreamcast\rizzo island\source code\glrizzo\rizzo_island-pc\release-rizzo_island-win32\csprogs.obj
f:\user files\documents\dreamcast\rizzo island\source code\glrizzo\rizzo_island-pc\release-rizzo_island-win32\dpvsimpledecode.obj
f:\user files\documents\dreamcast\rizzo island\source code\glrizzo\rizzo_island-pc\release-rizzo_island-win32\fs.obj
f:\user files\documents\dreamcast\rizzo island\source code\glrizzo\rizzo_island-pc\release-rizzo_island-win32\gl_textures.obj
f:\user files\documents\dreamcast\rizzo island\source code\glrizzo\rizzo_island-pc\release-rizzo_island-win32\host_cmd.obj
f:\user files\documents\dreamcast\rizzo island\source code\glrizzo\rizzo_island-pc\release-rizzo_island-win32\lhnet.obj
f:\user files\documents\dreamcast\rizzo island\source code\glrizzo\rizzo_island-pc\release-rizzo_island-win32\mdfour.obj
f:\user files\documents\dreamcast\rizzo island\source code\glrizzo\rizzo_island-pc\release-rizzo_island-win32\meshqueue.obj
f:\user files\documents\dreamcast\rizzo island\source code\glrizzo\rizzo_island-pc\release-rizzo_island-win32\model_brush.obj
f:\user files\documents\dreamcast\rizzo island\source code\glrizzo\rizzo_island-pc\release-rizzo_island-win32\netconn.obj
f:\user files\documents\dreamcast\rizzo island\source code\glrizzo\rizzo_island-pc\release-rizzo_island-win32\prvm_edict.obj
f:\user files\documents\dreamcast\rizzo island\source code\glrizzo\rizzo_island-pc\release-rizzo_island-win32\r_shadow.obj
f:\user files\documents\dreamcast\rizzo island\source code\glrizzo\rizzo_island-pc\release-rizzo_island-win32\snd_main.obj
f:\user files\documents\dreamcast\rizzo island\source code\glrizzo\rizzo_island-pc\release-rizzo_island-win32\snd_sdl.obj
f:\user files\documents\dreamcast\rizzo island\source code\glrizzo\rizzo_island-pc\release-rizzo_island-win32\sv_move.obj
f:\user files\documents\dreamcast\rizzo island\source code\glrizzo\rizzo_island-pc\release-rizzo_island-win32\svbsp.obj
f:\user files\documents\dreamcast\rizzo island\source code\glrizzo\rizzo_island-pc\release-rizzo_island-win32\sys_sdl.obj
f:\user files\documents\dreamcast\rizzo island\source code\glrizzo\rizzo_island-pc\release-rizzo_island-win32\wad.obj
f:\user files\documents\dreamcast\rizzo island\source code\glrizzo\rizzo_island-pc\release-rizzo_island-win32\vc141.pdb
f:\user files\documents\dreamcast\rizzo island\source code\glrizzo\rizzo_island-pc\release-rizzo_island-win32\crypto.obj
f:\user files\documents\dreamcast\rizzo island\source code\rizzo_pc_executable\rizzo_island\rizzo_island.exe
f:\user files\documents\dreamcast\rizzo island\source code\rizzo_pc_executable\rizzo_island\rizzo_island.pdb
f:\user files\documents\dreamcast\rizzo island\source code\glrizzo\rizzo_island-pc\rizzo_island.exe
f:\user files\documents\dreamcast\rizzo island\source code\glrizzo\rizzo_island-pc\rizzo_island.pdb
f:\user files\documents\dreamcast\rizzo island\source code\rizzo_pc_executable\rizzo_island\release-rizzo_island-win32\rizzo_island.res
f:\user files\documents\dreamcast\rizzo island\source code\glrizzo\rizzo_island-pc\release-rizzo_island-win32\rizzo_island.res
f:\user files\documents\dreamcast\rizzo island\source code\rizzo_pc_executable\rizzo_island\rizzo_island.lib
f:\user files\documents\dreamcast\rizzo island\source code\rizzo_pc_executable\rizzo_island\rizzo_island.exp
f:\user files\documents\dreamcast\rizzo island\source code\rizzo_pc_executable\rizzo_island\rizzo_island.ipdb
f:\user files\documents\dreamcast\rizzo island\source code\rizzo_pc_executable\rizzo_island\rizzo_island.iobj
f:\user files\documents\dreamcast\rizzo island\source code\glrizzo\rizzo_island-pc\rizzo_island.lib
f:\user files\documents\dreamcast\rizzo island\source code\glrizzo\rizzo_island-pc\rizzo_island.exp
f:\user files\documents\dreamcast\rizzo island\source code\glrizzo\rizzo_island-pc\rizzo_island.ipdb
f:\user files\documents\dreamcast\rizzo island\source code\glrizzo\rizzo_island-pc\rizzo_island.iobj
f:\user files\documents\dreamcast\rizzo island\source code\glrizzo\rizzo_island-pc\\rizzo_island.pdb
f:\user files\documents\dreamcast\rizzo island\source code\glrizzo\rizzo_island-pc\\rizzo_island.exe
f:\user files\documents\dreamcast\rizzo island\source code\glrizzo\rizzo_island-pc\release-rizzo_island-win32\rizzo_island.tlog\cl.command.1.tlog
f:\user files\documents\dreamcast\rizzo island\source code\glrizzo\rizzo_island-pc\release-rizzo_island-win32\rizzo_island.tlog\cl.read.1.tlog
f:\user files\documents\dreamcast\rizzo island\source code\glrizzo\rizzo_island-pc\release-rizzo_island-win32\rizzo_island.tlog\cl.write.1.tlog
f:\user files\documents\dreamcast\rizzo island\source code\glrizzo\rizzo_island-pc\release-rizzo_island-win32\rizzo_island.tlog\link.command.1.tlog
f:\user files\documents\dreamcast\rizzo island\source code\glrizzo\rizzo_island-pc\release-rizzo_island-win32\rizzo_island.tlog\link.read.1.tlog
f:\user files\documents\dreamcast\rizzo island\source code\glrizzo\rizzo_island-pc\release-rizzo_island-win32\rizzo_island.tlog\link.write.1.tlog
f:\user files\documents\dreamcast\rizzo island\source code\glrizzo\rizzo_island-pc\release-rizzo_island-win32\rizzo_island.tlog\rc.command.1.tlog
f:\user files\documents\dreamcast\rizzo island\source code\glrizzo\rizzo_island-pc\release-rizzo_island-win32\rizzo_island.tlog\rc.read.1.tlog
f:\user files\documents\dreamcast\rizzo island\source code\glrizzo\rizzo_island-pc\release-rizzo_island-win32\rizzo_island.tlog\rc.write.1.tlog
f:\user files\documents\dreamcast\rizzo island\source code\glrizzo\rizzo_island-pc\release-rizzo_island-win32\rizzo_island.tlog\rizzo_island.write.1u.tlog
