cl : Command line warning D9035: option 'Gm' has been deprecated and will be removed in a future release
cl : Command line warning D9030: '/Gm' is incompatible with multiprocessing; ignoring /MP switch
  model_shared.c
  model_brush.c
  model_alias.c
  mod_skeletal_animatevertices_sse.c
  mod_skeletal_animatevertices_generic.c
  meshqueue.c
  menu.c
f:\user files\documents\dreamcast\rizzo island\source code\rizzo_pc_executable\rizzo_island\menu.c(1576): warning C4101: 'f': unreferenced local variable
  mdfour.c
  matrixlib.c
  mathlib.c
  libcurl.c
  lhnet.c
  keys.c
  jpeg.c
  image_png.c
  image.c
  host_cmd.c
  host.c
  hmac.c
  gl_textures.c
  Generating Code...
  Compiling...
  gl_rsurf.c
  gl_rmain.c
  gl_draw.c
  gl_backend.c
  ft2.c
  fs.c
  Generating Code...
cl : Command line warning D9035: option 'Gm' has been deprecated and will be removed in a future release
  crypto.c
bih.obj : warning LNK4075: ignoring '/EDITANDCONTINUE' due to '/SAFESEH' specification
     Creating library F:\User Files\Documents\Dreamcast\Rizzo Island\Source Code\Rizzo_PC_Executable\Rizzo_Island\\Rizzo_Island.lib and object F:\User Files\Documents\Dreamcast\Rizzo Island\Source Code\Rizzo_PC_Executable\Rizzo_Island\\Rizzo_Island.exp
  darkplaces-sdl2-vs2017.vcxproj -> F:\User Files\Documents\Dreamcast\Rizzo Island\Source Code\Rizzo_PC_Executable\Rizzo_Island\\Rizzo_Island.exe
  darkplaces-sdl2-vs2017.vcxproj -> F:\User Files\Documents\Dreamcast\Rizzo Island\Source Code\Rizzo_PC_Executable\Rizzo_Island\Rizzo_Island.pdb (Partial -> Full PDB)
F:\User Files\Documents\Dreamcast\Rizzo Island\Source Code\Rizzo_PC_Executable\Rizzo_Island\Rizzo_Island.pdb : fatal error CMF1107: input PDB file is not generated by /DEBUG:fastlink
